android/tfmobile/gradleBuild/outputs/logs/manifest-merger-debug-report.txt
-- Merging decision tree log ---
manifest
ADDED from android/tfmobile/AndroidManifest.xml:17:1-46:12
MERGED from [org.tensorflow:tensorflow-android:1.12.0] AndroidManifest.xml:2:1-8:12
	package
		ADDED from android/tfmobile/AndroidManifest.xml:19:5-34
	xmlns:tools
		ADDED from android/tfmobile/AndroidManifest.xml:18:5-51
	xmlns:android
		ADDED from android/tfmobile/AndroidManifest.xml:17:11-69
uses-permission#android.permission.CAMERA
ADDED from android/tfmobile/AndroidManifest.xml:21:5-65
	android:name
		ADDED from android/tfmobile/AndroidManifest.xml:21:22-62
uses-feature#android.hardware.camera
ADDED from android/tfmobile/AndroidManifest.xml:23:5-60
	android:name
		ADDED from android/tfmobile/AndroidManifest.xml:23:19-57
uses-feature#android.hardware.camera.autofocus
ADDED from android/tfmobile/AndroidManifest.xml:24:5-70
	android:name
		ADDED from android/tfmobile/AndroidManifest.xml:24:19-67
uses-permission#android.permission.WRITE_EXTERNAL_STORAGE
ADDED from android/tfmobile/AndroidManifest.xml:26:5-81
	android:name
		ADDED from android/tfmobile/AndroidManifest.xml:26:22-78
application
ADDED from android/tfmobile/AndroidManifest.xml:28:5-44:19
MERGED from [org.tensorflow:tensorflow-android:1.12.0] AndroidManifest.xml:5:5-6:19
MERGED from [org.tensorflow:tensorflow-android:1.12.0] AndroidManifest.xml:5:5-6:19
	android:label
		ADDED from android/tfmobile/AndroidManifest.xml:31:9-41
	tools:ignore
		ADDED from android/tfmobile/AndroidManifest.xml:33:9-64
	android:icon
		ADDED from android/tfmobile/AndroidManifest.xml:30:9-45
	android:allowBackup
		ADDED from android/tfmobile/AndroidManifest.xml:29:9-35
	android:theme
		ADDED from android/tfmobile/AndroidManifest.xml:32:9-45
activity#org.tensorflow.demo.ClassifierActivity
ADDED from android/tfmobile/AndroidManifest.xml:35:9-43:20
	android:screenOrientation
		ADDED from android/tfmobile/AndroidManifest.xml:38:13-49
	android:label
		ADDED from android/tfmobile/AndroidManifest.xml:37:13-65
	android:name
		ADDED from android/tfmobile/AndroidManifest.xml:36:13-66
intent-filter#android.intent.action.MAIN+android.intent.category.LAUNCHER
ADDED from android/tfmobile/AndroidManifest.xml:39:13-42:29
action#android.intent.action.MAIN
ADDED from android/tfmobile/AndroidManifest.xml:40:17-69
	android:name
		ADDED from android/tfmobile/AndroidManifest.xml:40:25-66
category#android.intent.category.LAUNCHER
ADDED from android/tfmobile/AndroidManifest.xml:41:17-77
	android:name
		ADDED from android/tfmobile/AndroidManifest.xml:41:27-74